mode: atomic
github.com/scrtlabs/secret-reverse-proxy/mock_query_contract.go:11.115,12.18 1 0
github.com/scrtlabs/secret-reverse-proxy/mock_query_contract.go:12.18,14.3 1 0
github.com/scrtlabs/secret-reverse-proxy/mock_query_contract.go:17.2,18.34 2 0
github.com/scrtlabs/secret-reverse-proxy/mock_query_contract.go:18.34,22.3 1 0
github.com/scrtlabs/secret-reverse-proxy/mock_query_contract.go:24.2,26.8 1 0
github.com/scrtlabs/secret-reverse-proxy/secret_reverse_proxy.go:74.30,85.2 1 17
github.com/scrtlabs/secret-reverse-proxy/secret_reverse_proxy.go:119.58,129.2 1 2
github.com/scrtlabs/secret-reverse-proxy/secret_reverse_proxy.go:136.13,143.2 2 1
github.com/scrtlabs/secret-reverse-proxy/secret_reverse_proxy.go:163.50,171.28 1 3
github.com/scrtlabs/secret-reverse-proxy/secret_reverse_proxy.go:171.28,171.54 1 4
github.com/scrtlabs/secret-reverse-proxy/secret_reverse_proxy.go:186.57,192.21 3 2
github.com/scrtlabs/secret-reverse-proxy/secret_reverse_proxy.go:192.21,195.3 2 1
github.com/scrtlabs/secret-reverse-proxy/secret_reverse_proxy.go:199.2,200.24 2 2
github.com/scrtlabs/secret-reverse-proxy/secret_reverse_proxy.go:200.24,202.3 1 0
github.com/scrtlabs/secret-reverse-proxy/secret_reverse_proxy.go:206.2,213.12 2 2
github.com/scrtlabs/secret-reverse-proxy/secret_reverse_proxy.go:228.39,234.21 3 5
github.com/scrtlabs/secret-reverse-proxy/secret_reverse_proxy.go:234.21,238.3 3 1
github.com/scrtlabs/secret-reverse-proxy/secret_reverse_proxy.go:242.2,242.36 1 4
github.com/scrtlabs/secret-reverse-proxy/secret_reverse_proxy.go:242.36,246.3 3 1
github.com/scrtlabs/secret-reverse-proxy/secret_reverse_proxy.go:248.2,248.28 1 3
github.com/scrtlabs/secret-reverse-proxy/secret_reverse_proxy.go:248.28,252.3 3 2
github.com/scrtlabs/secret-reverse-proxy/secret_reverse_proxy.go:256.2,256.35 1 1
github.com/scrtlabs/secret-reverse-proxy/secret_reverse_proxy.go:256.35,257.84 1 0
github.com/scrtlabs/secret-reverse-proxy/secret_reverse_proxy.go:257.84,261.4 1 0
github.com/scrtlabs/secret-reverse-proxy/secret_reverse_proxy.go:264.2,264.31 1 1
github.com/scrtlabs/secret-reverse-proxy/secret_reverse_proxy.go:264.31,265.57 1 0
github.com/scrtlabs/secret-reverse-proxy/secret_reverse_proxy.go:265.57,269.4 1 0
github.com/scrtlabs/secret-reverse-proxy/secret_reverse_proxy.go:272.2,273.12 2 1
github.com/scrtlabs/secret-reverse-proxy/secret_reverse_proxy.go:293.101,306.22 4 0
github.com/scrtlabs/secret-reverse-proxy/secret_reverse_proxy.go:306.22,313.3 3 0
github.com/scrtlabs/secret-reverse-proxy/secret_reverse_proxy.go:318.2,319.18 2 0
github.com/scrtlabs/secret-reverse-proxy/secret_reverse_proxy.go:319.18,326.3 3 0
github.com/scrtlabs/secret-reverse-proxy/secret_reverse_proxy.go:330.2,334.16 3 0
github.com/scrtlabs/secret-reverse-proxy/secret_reverse_proxy.go:334.16,342.3 3 0
github.com/scrtlabs/secret-reverse-proxy/secret_reverse_proxy.go:346.2,346.14 1 0
github.com/scrtlabs/secret-reverse-proxy/secret_reverse_proxy.go:346.14,354.3 3 0
github.com/scrtlabs/secret-reverse-proxy/secret_reverse_proxy.go:358.2,359.29 2 0
github.com/scrtlabs/secret-reverse-proxy/secret_reverse_proxy.go:384.71,387.21 1 16
github.com/scrtlabs/secret-reverse-proxy/secret_reverse_proxy.go:387.21,389.3 1 16
github.com/scrtlabs/secret-reverse-proxy/secret_reverse_proxy.go:393.2,393.15 1 16
github.com/scrtlabs/secret-reverse-proxy/secret_reverse_proxy.go:393.15,395.22 1 36
github.com/scrtlabs/secret-reverse-proxy/secret_reverse_proxy.go:395.22,397.19 1 12
github.com/scrtlabs/secret-reverse-proxy/secret_reverse_proxy.go:398.26,400.34 1 4
github.com/scrtlabs/secret-reverse-proxy/secret_reverse_proxy.go:400.34,402.6 1 1
github.com/scrtlabs/secret-reverse-proxy/secret_reverse_proxy.go:403.28,405.42 1 2
github.com/scrtlabs/secret-reverse-proxy/secret_reverse_proxy.go:405.42,407.6 1 0
github.com/scrtlabs/secret-reverse-proxy/secret_reverse_proxy.go:408.23,410.38 1 2
github.com/scrtlabs/secret-reverse-proxy/secret_reverse_proxy.go:410.38,412.6 1 0
github.com/scrtlabs/secret-reverse-proxy/secret_reverse_proxy.go:413.28,415.43 1 2
github.com/scrtlabs/secret-reverse-proxy/secret_reverse_proxy.go:415.43,417.6 1 0
github.com/scrtlabs/secret-reverse-proxy/secret_reverse_proxy.go:418.12,420.55 1 2
github.com/scrtlabs/secret-reverse-proxy/secret_reverse_proxy.go:424.2,424.12 1 13
github.com/scrtlabs/secret-reverse-proxy/secret_reverse_proxy.go:436.24,437.11 1 6
github.com/scrtlabs/secret-reverse-proxy/secret_reverse_proxy.go:437.11,439.3 1 4
github.com/scrtlabs/secret-reverse-proxy/secret_reverse_proxy.go:440.2,440.10 1 2
github.com/scrtlabs/secret-reverse-proxy/secret_reverse_proxy.go:459.46,461.69 1 6
github.com/scrtlabs/secret-reverse-proxy/secret_reverse_proxy.go:461.69,463.3 1 2
github.com/scrtlabs/secret-reverse-proxy/secret_reverse_proxy.go:466.2,466.70 1 4
github.com/scrtlabs/secret-reverse-proxy/secret_reverse_proxy.go:466.70,468.3 1 1
github.com/scrtlabs/secret-reverse-proxy/secret_reverse_proxy.go:471.2,471.19 1 3
github.com/scrtlabs/secret-reverse-proxy/secret_reverse_proxy.go:492.71,497.37 2 0
github.com/scrtlabs/secret-reverse-proxy/secret_reverse_proxy.go:497.37,500.3 2 0
github.com/scrtlabs/secret-reverse-proxy/secret_reverse_proxy.go:503.2,508.56 3 0
github.com/scrtlabs/secret-reverse-proxy/secret_reverse_proxy.go:508.56,511.3 2 0
github.com/scrtlabs/secret-reverse-proxy/secret_reverse_proxy.go:515.2,516.16 2 0
github.com/scrtlabs/secret-reverse-proxy/secret_reverse_proxy.go:516.16,521.3 2 0
github.com/scrtlabs/secret-reverse-proxy/secret_reverse_proxy.go:522.2,522.17 1 0
github.com/scrtlabs/secret-reverse-proxy/secret_reverse_proxy.go:522.17,525.3 2 0
github.com/scrtlabs/secret-reverse-proxy/secret_reverse_proxy.go:530.2,551.23 10 0
github.com/scrtlabs/secret-reverse-proxy/secret_reverse_proxy.go:551.23,554.3 2 0
github.com/scrtlabs/secret-reverse-proxy/secret_reverse_proxy.go:558.2,559.46 2 0
github.com/scrtlabs/secret-reverse-proxy/secret_reverse_proxy.go:559.46,564.3 2 0
github.com/scrtlabs/secret-reverse-proxy/secret_reverse_proxy.go:568.2,574.20 5 0
github.com/scrtlabs/secret-reverse-proxy/secret_reverse_proxy.go:578.72,581.35 2 0
github.com/scrtlabs/secret-reverse-proxy/secret_reverse_proxy.go:581.35,584.3 2 0
github.com/scrtlabs/secret-reverse-proxy/secret_reverse_proxy.go:586.2,589.16 3 0
github.com/scrtlabs/secret-reverse-proxy/secret_reverse_proxy.go:589.16,591.25 1 0
github.com/scrtlabs/secret-reverse-proxy/secret_reverse_proxy.go:591.25,594.4 2 0
github.com/scrtlabs/secret-reverse-proxy/secret_reverse_proxy.go:595.3,598.71 2 0
github.com/scrtlabs/secret-reverse-proxy/secret_reverse_proxy.go:600.2,604.21 4 0
github.com/scrtlabs/secret-reverse-proxy/secret_reverse_proxy.go:604.21,607.53 3 0
github.com/scrtlabs/secret-reverse-proxy/secret_reverse_proxy.go:607.53,612.4 2 0
github.com/scrtlabs/secret-reverse-proxy/secret_reverse_proxy.go:615.2,615.38 1 0
github.com/scrtlabs/secret-reverse-proxy/secret_reverse_proxy.go:615.38,620.3 2 0
github.com/scrtlabs/secret-reverse-proxy/secret_reverse_proxy.go:622.2,625.19 2 0
github.com/scrtlabs/secret-reverse-proxy/secret_reverse_proxy.go:629.53,639.31 6 0
github.com/scrtlabs/secret-reverse-proxy/secret_reverse_proxy.go:639.31,642.17 3 0
github.com/scrtlabs/secret-reverse-proxy/secret_reverse_proxy.go:642.17,647.4 2 0
github.com/scrtlabs/secret-reverse-proxy/secret_reverse_proxy.go:648.8,652.3 2 0
github.com/scrtlabs/secret-reverse-proxy/secret_reverse_proxy.go:654.2,662.16 4 0
github.com/scrtlabs/secret-reverse-proxy/secret_reverse_proxy.go:662.16,668.3 2 0
github.com/scrtlabs/secret-reverse-proxy/secret_reverse_proxy.go:670.2,671.9 2 0
github.com/scrtlabs/secret-reverse-proxy/secret_reverse_proxy.go:671.9,675.3 2 0
github.com/scrtlabs/secret-reverse-proxy/secret_reverse_proxy.go:677.2,681.32 4 0
github.com/scrtlabs/secret-reverse-proxy/secret_reverse_proxy.go:681.32,683.10 2 0
github.com/scrtlabs/secret-reverse-proxy/secret_reverse_proxy.go:683.10,686.12 3 0
github.com/scrtlabs/secret-reverse-proxy/secret_reverse_proxy.go:688.3,689.28 2 0
github.com/scrtlabs/secret-reverse-proxy/secret_reverse_proxy.go:689.28,692.4 2 0
github.com/scrtlabs/secret-reverse-proxy/secret_reverse_proxy.go:692.9,695.4 2 0
github.com/scrtlabs/secret-reverse-proxy/secret_reverse_proxy.go:698.2,713.12 8 0
github.com/scrtlabs/secret-reverse-proxy/secret_reverse_proxy.go:717.56,719.26 2 1
github.com/scrtlabs/secret-reverse-proxy/secret_reverse_proxy.go:719.26,721.3 1 3
github.com/scrtlabs/secret-reverse-proxy/secret_reverse_proxy.go:722.2,722.13 1 1
github.com/scrtlabs/secret-reverse-proxy/secret_reverse_proxy.go:726.40,742.2 1 1
github.com/scrtlabs/secret-reverse-proxy/secret_reverse_proxy.go:745.66,750.16 4 8
github.com/scrtlabs/secret-reverse-proxy/secret_reverse_proxy.go:750.16,755.3 2 1
github.com/scrtlabs/secret-reverse-proxy/secret_reverse_proxy.go:756.2,759.62 3 7
github.com/scrtlabs/secret-reverse-proxy/secret_reverse_proxy.go:759.62,764.3 2 5
github.com/scrtlabs/secret-reverse-proxy/secret_reverse_proxy.go:766.2,769.20 2 2
github.com/scrtlabs/secret-reverse-proxy/secret_reverse_proxy.go:785.82,794.2 3 1
github.com/scrtlabs/secret-reverse-proxy/testable_validator.go:27.99,33.2 1 0
github.com/scrtlabs/secret-reverse-proxy/testable_validator.go:36.79,38.37 1 0
github.com/scrtlabs/secret-reverse-proxy/testable_validator.go:38.37,40.3 1 0
github.com/scrtlabs/secret-reverse-proxy/testable_validator.go:43.2,43.56 1 0
github.com/scrtlabs/secret-reverse-proxy/testable_validator.go:43.56,45.3 1 0
github.com/scrtlabs/secret-reverse-proxy/testable_validator.go:48.2,49.16 2 0
github.com/scrtlabs/secret-reverse-proxy/testable_validator.go:49.16,51.3 1 0
github.com/scrtlabs/secret-reverse-proxy/testable_validator.go:52.2,52.17 1 0
github.com/scrtlabs/secret-reverse-proxy/testable_validator.go:52.17,54.3 1 0
github.com/scrtlabs/secret-reverse-proxy/testable_validator.go:57.2,67.23 8 0
github.com/scrtlabs/secret-reverse-proxy/testable_validator.go:67.23,69.3 1 0
github.com/scrtlabs/secret-reverse-proxy/testable_validator.go:72.2,72.46 1 0
github.com/scrtlabs/secret-reverse-proxy/testable_validator.go:72.46,74.3 1 0
github.com/scrtlabs/secret-reverse-proxy/testable_validator.go:77.2,79.33 3 0
github.com/scrtlabs/secret-reverse-proxy/testable_validator.go:83.80,87.2 2 0
github.com/scrtlabs/secret-reverse-proxy/testable_validator.go:90.61,95.31 3 0
github.com/scrtlabs/secret-reverse-proxy/testable_validator.go:95.31,97.17 2 0
github.com/scrtlabs/secret-reverse-proxy/testable_validator.go:97.17,99.4 1 0
github.com/scrtlabs/secret-reverse-proxy/testable_validator.go:100.8,103.3 1 0
github.com/scrtlabs/secret-reverse-proxy/testable_validator.go:105.2,112.16 3 0
github.com/scrtlabs/secret-reverse-proxy/testable_validator.go:112.16,114.3 1 0
github.com/scrtlabs/secret-reverse-proxy/testable_validator.go:116.2,117.9 2 0
github.com/scrtlabs/secret-reverse-proxy/testable_validator.go:117.9,119.3 1 0
github.com/scrtlabs/secret-reverse-proxy/testable_validator.go:121.2,122.32 2 0
github.com/scrtlabs/secret-reverse-proxy/testable_validator.go:122.32,124.10 2 0
github.com/scrtlabs/secret-reverse-proxy/testable_validator.go:124.10,125.12 1 0
github.com/scrtlabs/secret-reverse-proxy/testable_validator.go:127.3,128.28 2 0
github.com/scrtlabs/secret-reverse-proxy/testable_validator.go:128.28,130.4 1 0
github.com/scrtlabs/secret-reverse-proxy/testable_validator.go:133.2,138.12 5 0
